1482199440417	geckodriver	INFO	Listening on 127.0.0.1:53203
1482199441426	mozprofile::profile	INFO	Using profile path /tmp/rust_mozprofile.Z2kb18ODTRSj
1482199441429	geckodriver::marionette	INFO	Starting browser /usr/bin/firefox
1482199441450	geckodriver::marionette	INFO	Connecting to Marionette on localhost:43057
1482199445390	Marionette	INFO	Listening on port 43057
[fresh] [error] probe_ppp_module, can't find libpepflashplayer.so
[fresh] [error] probe_ppp_module, can't find libpepflashplayer.so
[fresh] [error] probe_ppp_module, can't find libpepflashplayer.so
[fresh] [error] probe_ppp_module, can't find libpepflashplayer.so
[fresh] [error] probe_ppp_module, can't find libpepflashplayer.so
[fresh] [error] probe_ppp_module, can't find libpepflashplayer.so
[Child 20719] ###!!! ABORT: Aborting on channel error.: file /build/firefox-MkV0Xf/firefox-50.1.0+build2/ipc/glue/MessageChannel.cpp, line 2056
[Child 20719] ###!!! ABORT: Aborting on channel error.: file /build/firefox-MkV0Xf/firefox-50.1.0+build2/ipc/glue/MessageChannel.cpp, line 2056
1482199581342	geckodriver	INFO	Listening on 127.0.0.1:42439
1482199581363	mozprofile::profile	INFO	Using profile path /tmp/rust_mozprofile.aQG9b1UYbRXE
1482199581386	geckodriver::marionette	INFO	Starting browser /usr/bin/firefox
1482199581410	geckodriver::marionette	INFO	Connecting to Marionette on localhost:41621
1482199585650	Marionette	INFO	Listening on port 41621
[fresh] [error] probe_ppp_module, can't find libpepflashplayer.so
[fresh] [error] probe_ppp_module, can't find libpepflashplayer.so
[fresh] [error] probe_ppp_module, can't find libpepflashplayer.so
[fresh] [error] probe_ppp_module, can't find libpepflashplayer.so
[fresh] [error] probe_ppp_module, can't find libpepflashplayer.so
[fresh] [error] probe_ppp_module, can't find libpepflashplayer.so
[Child 20875] WARNING: pipe error (3): Conexão fechada pela outra ponta: file /build/firefox-MkV0Xf/firefox-50.1.0+build2/ipc/chromium/src/chrome/common/ipc_channel_posix.cc, line 320
[Child 20875] ###!!! ABORT: Aborting on channel error.: file /build/firefox-MkV0Xf/firefox-50.1.0+build2/ipc/glue/MessageChannel.cpp, line 2056

###!!! [Child][MessageChannel] Error: (msgtype=0x420003,name=PCompositable::Msg_Destroy) Channel error: cannot send/recv

[Child 20875] ###!!! ABORT: Aborting on channel error.: file /build/firefox-MkV0Xf/firefox-50.1.0+build2/ipc/glue/MessageChannel.cpp, line 2056

###!!! [Child][MessageChannel] Error: (msgtype=0x1060003,name=PTexture::Msg_Destroy) Channel error: cannot send/recv


###!!! [Child][MessageChannel] Error: (msgtype=0x1060003,name=PTexture::Msg_Destroy) Channel error: cannot send/recv


###!!! [Child][MessageChannel] Error: (msgtype=0x420003,name=PCompositable::Msg_Destroy) Channel error: cannot send/recv

